<?xml version="1.0" encoding="UTF-8"?>
<!-- Generated by org.testng.reporters.JUnitReportReporter -->
<testsuite skipped="0" hostname="MBP-de-Diego.home" name="org.lordofthejars.games.game.testIT" tests="1" failures="0" timestamp="2019-03-25T21:34:58 CET" time="0.006" errors="0">
  <testcase name="shouldAnswerWithTrue" time="0.006" classname="org.lordofthejars.games.game.testIT"/>
</testsuite> <!-- org.lordofthejars.games.game.testIT -->
